<?xml version="1.0" encoding="UTF-8"?>
<testng-results ignored="0" total="3" passed="2" failed="1" skipped="0">
  <reporter-output>
  </reporter-output>
  <suite started-at="2022-09-21T12:50:42 IST" name="Default suite" finished-at="2022-09-21T12:50:53 IST" duration-ms="11225">
    <groups>
    </groups>
    <test started-at="2022-09-21T12:50:42 IST" name="Default test" finished-at="2022-09-21T12:50:53 IST" duration-ms="11225">
      <class name="ExtentReportDemo.ExtentReportDemo">
        <test-method is-config="true" signature="extentReportSetUp()[pri:0, instance:ExtentReportDemo.ExtentReportDemo@3e96bacf]" started-at="2022-09-21T12:50:42 IST" name="extentReportSetUp" finished-at="2022-09-21T12:50:42 IST" duration-ms="126" status="PASS">
          <reporter-output>
          </reporter-output>
        </test-method> <!-- extentReportSetUp -->
        <test-method is-config="true" signature="setUpMethod()[pri:0, instance:ExtentReportDemo.ExtentReportDemo@3e96bacf]" started-at="2022-09-21T12:50:42 IST" name="setUpMethod" finished-at="2022-09-21T12:50:46 IST" duration-ms="3886" status="PASS">
          <reporter-output>
          </reporter-output>
        </test-method> <!-- setUpMethod -->
        <test-method signature="logoTest()[pri:0, instance:ExtentReportDemo.ExtentReportDemo@3e96bacf]" started-at="2022-09-21T12:50:46 IST" name="logoTest" finished-at="2022-09-21T12:50:46 IST" duration-ms="381" status="FAIL">
          <exception class="java.lang.AssertionError">
            <full-stacktrace>
              <![CDATA[java.lang.AssertionError
at org.junit.Assert.fail(Assert.java:87)
at org.junit.Assert.assertTrue(Assert.java:42)
at org.junit.Assert.assertTrue(Assert.java:53)
at ExtentReportDemo.ExtentReportDemo.logoTest(ExtentReportDemo.java:90)
at java.base/jdk.internal.reflect.DirectMethodHandleAccessor.invoke(DirectMethodHandleAccessor.java:104)
at java.base/java.lang.reflect.Method.invoke(Method.java:577)
at org.testng.internal.invokers.MethodInvocationHelper.invokeMethod(MethodInvocationHelper.java:139)
at org.testng.internal.invokers.TestInvoker.invokeMethod(TestInvoker.java:677)
at org.testng.internal.invokers.TestInvoker.invokeTestMethod(TestInvoker.java:221)
at org.testng.internal.invokers.MethodRunner.runInSequence(MethodRunner.java:50)
at org.testng.internal.invokers.TestInvoker$MethodInvocationAgent.invoke(TestInvoker.java:962)
at org.testng.internal.invokers.TestInvoker.invokeTestMethods(TestInvoker.java:194)
at org.testng.internal.invokers.TestMethodWorker.invokeTestMethods(TestMethodWorker.java:148)
at org.testng.internal.invokers.TestMethodWorker.run(TestMethodWorker.java:128)
at java.base/java.util.ArrayList.forEach(ArrayList.java:1511)
at org.testng.TestRunner.privateRun(TestRunner.java:806)
at org.testng.TestRunner.run(TestRunner.java:601)
at org.testng.SuiteRunner.runTest(SuiteRunner.java:433)
at org.testng.SuiteRunner.runSequentially(SuiteRunner.java:427)
at org.testng.SuiteRunner.privateRun(SuiteRunner.java:387)
at org.testng.SuiteRunner.run(SuiteRunner.java:330)
at org.testng.SuiteRunnerWorker.runSuite(SuiteRunnerWorker.java:52)
at org.testng.SuiteRunnerWorker.run(SuiteRunnerWorker.java:95)
at org.testng.TestNG.runSuitesSequentially(TestNG.java:1256)
at org.testng.TestNG.runSuitesLocally(TestNG.java:1176)
at org.testng.TestNG.runSuites(TestNG.java:1099)
at org.testng.TestNG.run(TestNG.java:1067)
at org.testng.remote.AbstractRemoteTestNG.run(AbstractRemoteTestNG.java:115)
at org.testng.remote.RemoteTestNG.initAndRun(RemoteTestNG.java:251)
at org.testng.remote.RemoteTestNG.main(RemoteTestNG.java:77)
]]>
            </full-stacktrace>
          </exception> <!-- java.lang.AssertionError -->
          <reporter-output>
          </reporter-output>
        </test-method> <!-- logoTest -->
        <test-method is-config="true" signature="afterMethod(org.testng.ITestResult)[pri:0, instance:ExtentReportDemo.ExtentReportDemo@3e96bacf]" started-at="2022-09-21T12:50:46 IST" name="afterMethod" finished-at="2022-09-21T12:50:47 IST" duration-ms="492" status="PASS">
          <params>
            <param index="0">
              <value>
                <![CDATA[[TestResult name=logoTest status=FAILURE method=ExtentReportDemo.logoTest()[pri:0, instance:ExtentReportDemo.ExtentReportDemo@3e96bacf] output={null}]]]>
              </value>
            </param>
          </params>
          <reporter-output>
          </reporter-output>
        </test-method> <!-- afterMethod -->
        <test-method is-config="true" signature="setUpMethod()[pri:0, instance:ExtentReportDemo.ExtentReportDemo@3e96bacf]" started-at="2022-09-21T12:50:47 IST" name="setUpMethod" finished-at="2022-09-21T12:50:50 IST" duration-ms="2835" status="PASS">
          <reporter-output>
          </reporter-output>
        </test-method> <!-- setUpMethod -->
        <test-method signature="titleVerification()[pri:0, instance:ExtentReportDemo.ExtentReportDemo@3e96bacf]" started-at="2022-09-21T12:50:50 IST" name="titleVerification" finished-at="2022-09-21T12:50:50 IST" duration-ms="10" status="PASS">
          <reporter-output>
          </reporter-output>
        </test-method> <!-- titleVerification -->
        <test-method is-config="true" signature="afterMethod(org.testng.ITestResult)[pri:0, instance:ExtentReportDemo.ExtentReportDemo@3e96bacf]" started-at="2022-09-21T12:50:50 IST" name="afterMethod" finished-at="2022-09-21T12:50:50 IST" duration-ms="142" status="PASS">
          <params>
            <param index="0">
              <value>
                <![CDATA[[TestResult name=titleVerification status=SUCCESS method=ExtentReportDemo.titleVerification()[pri:0, instance:ExtentReportDemo.ExtentReportDemo@3e96bacf] output={null}]]]>
              </value>
            </param>
          </params>
          <reporter-output>
          </reporter-output>
        </test-method> <!-- afterMethod -->
        <test-method is-config="true" signature="setUpMethod()[pri:0, instance:ExtentReportDemo.ExtentReportDemo@3e96bacf]" started-at="2022-09-21T12:50:50 IST" name="setUpMethod" finished-at="2022-09-21T12:50:53 IST" duration-ms="2839" status="PASS">
          <reporter-output>
          </reporter-output>
        </test-method> <!-- setUpMethod -->
        <test-method signature="urlTest()[pri:0, instance:ExtentReportDemo.ExtentReportDemo@3e96bacf]" started-at="2022-09-21T12:50:53 IST" name="urlTest" finished-at="2022-09-21T12:50:53 IST" duration-ms="7" status="PASS">
          <reporter-output>
          </reporter-output>
        </test-method> <!-- urlTest -->
        <test-method is-config="true" signature="afterMethod(org.testng.ITestResult)[pri:0, instance:ExtentReportDemo.ExtentReportDemo@3e96bacf]" started-at="2022-09-21T12:50:53 IST" name="afterMethod" finished-at="2022-09-21T12:50:53 IST" duration-ms="144" status="PASS">
          <params>
            <param index="0">
              <value>
                <![CDATA[[TestResult name=urlTest status=SUCCESS method=ExtentReportDemo.urlTest()[pri:0, instance:ExtentReportDemo.ExtentReportDemo@3e96bacf] output={null}]]]>
              </value>
            </param>
          </params>
          <reporter-output>
          </reporter-output>
        </test-method> <!-- afterMethod -->
        <test-method is-config="true" signature="tearDown()[pri:0, instance:ExtentReportDemo.ExtentReportDemo@3e96bacf]" started-at="2022-09-21T12:50:53 IST" name="tearDown" finished-at="2022-09-21T12:50:53 IST" duration-ms="316" status="PASS">
          <reporter-output>
          </reporter-output>
        </test-method> <!-- tearDown -->
      </class> <!-- ExtentReportDemo.ExtentReportDemo -->
    </test> <!-- Default test -->
  </suite> <!-- Default suite -->
</testng-results>
